<?xml version="1.0" encoding="UTF-8"?>
<coverage generated="1671457623209" clover="3.2.0">
  <project timestamp="1671457623209" name="All files">
    <metrics statements="294" coveredstatements="244" conditionals="144" coveredconditionals="94" methods="25" coveredmethods="25" elements="463" coveredelements="363" complexity="0" loc="294" ncloc="294" packages="2" files="9" classes="9"/>
    <package name="src">
      <metrics statements="260" coveredstatements="218" conditionals="142" coveredconditionals="92" methods="21" coveredmethods="21"/>
      <file name="expandRrule.ts" path="I:\_repositoriosGitHub\simple-rrule\src\expandRrule.ts">
        <metrics statements="126" coveredstatements="108" conditionals="82" coveredconditionals="58" methods="11" coveredmethods="11"/>
        <line num="1" count="6" type="stmt"/>
        <line num="26" count="6" type="stmt"/>
        <line num="27" count="6" type="stmt"/>
        <line num="28" count="6" type="stmt"/>
        <line num="38" count="6" type="stmt"/>
        <line num="42" count="84" type="cond" truecount="1" falsecount="0"/>
        <line num="47" count="42" type="stmt"/>
        <line num="49" count="42" type="stmt"/>
        <line num="58" count="42" type="cond" truecount="0" falsecount="1"/>
        <line num="59" count="0" type="stmt"/>
        <line num="65" count="42" type="stmt"/>
        <line num="71" count="42" type="stmt"/>
        <line num="74" count="6" type="stmt"/>
        <line num="79" count="5" type="stmt"/>
        <line num="81" count="5" type="stmt"/>
        <line num="84" count="6" type="stmt"/>
        <line num="85" count="42" type="stmt"/>
        <line num="87" count="42" type="cond" truecount="0" falsecount="1"/>
        <line num="89" count="42" type="stmt"/>
        <line num="94" count="42" type="stmt"/>
        <line num="100" count="42" type="cond" truecount="5" falsecount="3"/>
        <line num="103" count="0" type="stmt"/>
        <line num="105" count="9" type="stmt"/>
        <line num="106" count="9" type="stmt"/>
        <line num="108" count="9" type="stmt"/>
        <line num="109" count="9" type="stmt"/>
        <line num="111" count="10" type="stmt"/>
        <line num="112" count="10" type="stmt"/>
        <line num="114" count="10" type="cond" truecount="4" falsecount="0"/>
        <line num="115" count="1" type="stmt"/>
        <line num="117" count="1" type="cond" truecount="3" falsecount="1"/>
        <line num="118" count="1" type="stmt"/>
        <line num="120" count="1" type="stmt"/>
        <line num="124" count="1" type="stmt"/>
        <line num="125" count="8" type="stmt"/>
        <line num="126" count="8" type="cond" truecount="4" falsecount="1"/>
        <line num="127" count="3" type="stmt"/>
        <line num="129" count="8" type="stmt"/>
        <line num="132" count="1" type="stmt"/>
        <line num="134" count="9" type="stmt"/>
        <line num="137" count="10" type="stmt"/>
        <line num="139" count="4" type="cond" truecount="3" falsecount="0"/>
        <line num="140" count="2" type="stmt"/>
        <line num="141" count="11" type="cond" truecount="3" falsecount="1"/>
        <line num="142" count="2" type="stmt"/>
        <line num="144" count="2" type="stmt"/>
        <line num="145" count="2" type="stmt"/>
        <line num="148" count="0" type="stmt"/>
        <line num="149" count="0" type="stmt"/>
        <line num="154" count="42" type="cond" truecount="6" falsecount="1"/>
        <line num="156" count="9" type="stmt"/>
        <line num="157" count="123" type="stmt"/>
        <line num="159" count="9" type="stmt"/>
        <line num="161" count="9" type="stmt"/>
        <line num="162" count="120" type="stmt"/>
        <line num="163" count="120" type="stmt"/>
        <line num="165" count="9" type="stmt"/>
        <line num="170" count="24" type="stmt"/>
        <line num="171" count="187" type="stmt"/>
        <line num="179" count="24" type="stmt"/>
        <line num="183" count="42" type="stmt"/>
        <line num="187" count="430" type="stmt"/>
        <line num="193" count="430" type="stmt"/>
        <line num="194" count="430" type="stmt"/>
        <line num="196" count="430" type="cond" truecount="3" falsecount="0"/>
        <line num="197" count="69" type="stmt"/>
        <line num="199" count="430" type="stmt"/>
        <line num="204" count="42" type="stmt"/>
        <line num="207" count="6" type="stmt"/>
        <line num="211" count="42" type="cond" truecount="0" falsecount="1"/>
        <line num="213" count="42" type="stmt"/>
        <line num="232" count="42" type="cond" truecount="2" falsecount="2"/>
        <line num="233" count="0" type="stmt"/>
        <line num="238" count="42" type="cond" truecount="1" falsecount="1"/>
        <line num="239" count="0" type="stmt"/>
        <line num="240" count="42" type="cond" truecount="0" falsecount="1"/>
        <line num="241" count="0" type="stmt"/>
        <line num="242" count="0" type="stmt"/>
        <line num="247" count="42" type="cond" truecount="1" falsecount="2"/>
        <line num="248" count="0" type="stmt"/>
        <line num="249" count="0" type="stmt"/>
        <line num="254" count="42" type="cond" truecount="3" falsecount="0"/>
        <line num="255" count="15" type="stmt"/>
        <line num="256" count="15" type="stmt"/>
        <line num="259" count="27" type="stmt"/>
        <line num="262" count="6" type="stmt"/>
        <line num="265" count="15" type="stmt"/>
        <line num="266" count="15" type="stmt"/>
        <line num="267" count="15" type="stmt"/>
        <line num="268" count="15" type="stmt"/>
        <line num="269" count="15" type="cond" truecount="5" falsecount="3"/>
        <line num="272" count="0" type="stmt"/>
        <line num="274" count="3" type="stmt"/>
        <line num="278" count="3" type="stmt"/>
        <line num="282" count="3" type="stmt"/>
        <line num="285" count="3" type="stmt"/>
        <line num="290" count="3" type="stmt"/>
        <line num="292" count="3" type="stmt"/>
        <line num="296" count="3" type="stmt"/>
        <line num="297" count="3" type="stmt"/>
        <line num="300" count="3" type="stmt"/>
        <line num="304" count="3" type="stmt"/>
        <line num="306" count="3" type="stmt"/>
        <line num="310" count="3" type="stmt"/>
        <line num="311" count="3" type="stmt"/>
        <line num="314" count="3" type="stmt"/>
        <line num="319" count="3" type="stmt"/>
        <line num="321" count="4" type="stmt"/>
        <line num="325" count="4" type="stmt"/>
        <line num="327" count="4" type="stmt"/>
        <line num="331" count="4" type="stmt"/>
        <line num="336" count="4" type="stmt"/>
        <line num="338" count="2" type="stmt"/>
        <line num="343" count="2" type="cond" truecount="1" falsecount="0"/>
        <line num="344" count="2" type="stmt"/>
        <line num="350" count="2" type="stmt"/>
        <line num="352" count="0" type="stmt"/>
        <line num="357" count="0" type="cond" truecount="0" falsecount="1"/>
        <line num="358" count="0" type="stmt"/>
        <line num="364" count="0" type="stmt"/>
        <line num="368" count="15" type="cond" truecount="2" falsecount="1"/>
        <line num="369" count="0" type="stmt"/>
        <line num="370" count="0" type="stmt"/>
        <line num="371" count="0" type="stmt"/>
        <line num="374" count="15" type="stmt"/>
        <line num="377" count="15" type="stmt"/>
      </file>
      <file name="getRrule.ts" path="I:\_repositoriosGitHub\simple-rrule\src\getRrule.ts">
        <metrics statements="27" coveredstatements="22" conditionals="14" coveredconditionals="7" methods="1" coveredmethods="1"/>
        <line num="1" count="1" type="stmt"/>
        <line num="3" count="1" type="stmt"/>
        <line num="4" count="1" type="stmt"/>
        <line num="9" count="1" type="stmt"/>
        <line num="10" count="5" type="cond" truecount="0" falsecount="1"/>
        <line num="11" count="0" type="stmt"/>
        <line num="14" count="5" type="stmt"/>
        <line num="16" count="5" type="stmt"/>
        <line num="17" count="5" type="stmt"/>
        <line num="18" count="5" type="stmt"/>
        <line num="19" count="5" type="cond" truecount="1" falsecount="1"/>
        <line num="21" count="5" type="cond" truecount="0" falsecount="1"/>
        <line num="22" count="0" type="stmt"/>
        <line num="25" count="5" type="cond" truecount="1" falsecount="0"/>
        <line num="26" count="1" type="stmt"/>
        <line num="29" count="5" type="cond" truecount="2" falsecount="1"/>
        <line num="30" count="0" type="stmt"/>
        <line num="33" count="5" type="cond" truecount="1" falsecount="2"/>
        <line num="34" count="0" type="stmt"/>
        <line num="37" count="5" type="cond" truecount="0" falsecount="1"/>
        <line num="38" count="0" type="stmt"/>
        <line num="41" count="5" type="cond" truecount="1" falsecount="0"/>
        <line num="42" count="1" type="stmt"/>
        <line num="45" count="5" type="cond" truecount="1" falsecount="0"/>
        <line num="46" count="5" type="stmt"/>
        <line num="49" count="5" type="stmt"/>
        <line num="51" count="5" type="stmt"/>
      </file>
      <file name="index.ts" path="I:\_repositoriosGitHub\simple-rrule\src\index.ts">
        <metrics statements="4" coveredstatements="0" conditionals="0" coveredconditionals="0" methods="0" coveredmethods="0"/>
        <line num="1" count="0" type="stmt"/>
        <line num="2" count="0" type="stmt"/>
        <line num="3" count="0" type="stmt"/>
        <line num="4" count="0" type="stmt"/>
      </file>
      <file name="numbers.ts" path="I:\_repositoriosGitHub\simple-rrule\src\numbers.ts">
        <metrics statements="5" coveredstatements="4" conditionals="1" coveredconditionals="1" methods="1" coveredmethods="1"/>
        <line num="1" count="7" type="stmt"/>
        <line num="6" count="2" type="stmt"/>
        <line num="7" count="2" type="cond" truecount="1" falsecount="0"/>
        <line num="8" count="2" type="stmt"/>
        <line num="10" count="0" type="stmt"/>
      </file>
      <file name="parseRrule.ts" path="I:\_repositoriosGitHub\simple-rrule\src\parseRrule.ts">
        <metrics statements="73" coveredstatements="59" conditionals="31" coveredconditionals="17" methods="4" coveredmethods="4"/>
        <line num="1" count="7" type="stmt"/>
        <line num="2" count="7" type="stmt"/>
        <line num="4" count="7" type="stmt"/>
        <line num="5" count="7" type="stmt"/>
        <line num="7" count="7" type="stmt"/>
        <line num="8" count="43" type="cond" truecount="0" falsecount="1"/>
        <line num="9" count="43" type="cond" truecount="0" falsecount="1"/>
        <line num="11" count="43" type="cond" truecount="0" falsecount="1"/>
        <line num="13" count="43" type="stmt"/>
        <line num="15" count="43" type="stmt"/>
        <line num="17" count="43" type="stmt"/>
        <line num="18" count="87" type="stmt"/>
        <line num="19" count="87" type="stmt"/>
        <line num="21" count="87" type="cond" truecount="1" falsecount="0"/>
        <line num="22" count="43" type="stmt"/>
        <line num="23" count="43" type="cond" truecount="1" falsecount="0"/>
        <line num="24" count="43" type="stmt"/>
        <line num="26" count="43" type="stmt"/>
        <line num="30" count="87" type="cond" truecount="1" falsecount="0"/>
        <line num="31" count="1" type="stmt"/>
        <line num="32" count="1" type="cond" truecount="1" falsecount="0"/>
        <line num="33" count="1" type="stmt"/>
        <line num="37" count="87" type="cond" truecount="1" falsecount="0"/>
        <line num="38" count="43" type="stmt"/>
        <line num="39" count="43" type="stmt"/>
        <line num="42" count="87" type="stmt"/>
        <line num="45" count="43" type="stmt"/>
        <line num="47" count="43" type="stmt"/>
        <line num="50" count="43" type="cond" truecount="0" falsecount="1"/>
        <line num="51" count="43" type="cond" truecount="0" falsecount="1"/>
        <line num="53" count="43" type="stmt"/>
        <line num="55" count="43" type="stmt"/>
        <line num="56" count="43" type="stmt"/>
        <line num="58" count="43" type="stmt"/>
        <line num="59" count="163" type="stmt"/>
        <line num="61" count="163" type="cond" truecount="7" falsecount="3"/>
        <line num="63" count="43" type="stmt"/>
        <line num="64" count="43" type="stmt"/>
        <line num="66" count="43" type="cond" truecount="1" falsecount="1"/>
        <line num="67" count="43" type="stmt"/>
        <line num="69" count="43" type="stmt"/>
        <line num="70" count="43" type="stmt"/>
        <line num="72" count="30" type="stmt"/>
        <line num="73" count="30" type="stmt"/>
        <line num="75" count="1" type="stmt"/>
        <line num="76" count="1" type="stmt"/>
        <line num="79" count="1" type="stmt"/>
        <line num="80" count="1" type="stmt"/>
        <line num="81" count="1" type="stmt"/>
        <line num="83" count="2" type="stmt"/>
        <line num="84" count="2" type="cond" truecount="1" falsecount="0"/>
        <line num="85" count="2" type="stmt"/>
        <line num="87" count="2" type="stmt"/>
        <line num="88" count="2" type="stmt"/>
        <line num="90" count="0" type="stmt"/>
        <line num="91" count="0" type="cond" truecount="0" falsecount="1"/>
        <line num="92" count="0" type="stmt"/>
        <line num="94" count="0" type="stmt"/>
        <line num="95" count="0" type="stmt"/>
        <line num="97" count="0" type="stmt"/>
        <line num="98" count="0" type="cond" truecount="0" falsecount="1"/>
        <line num="99" count="0" type="stmt"/>
        <line num="101" count="0" type="stmt"/>
        <line num="102" count="0" type="stmt"/>
        <line num="105" count="0" type="stmt"/>
        <line num="108" count="163" type="stmt"/>
        <line num="111" count="43" type="cond" truecount="0" falsecount="1"/>
        <line num="115" count="0" type="stmt"/>
        <line num="118" count="43" type="cond" truecount="0" falsecount="1"/>
        <line num="119" count="0" type="stmt"/>
        <line num="122" count="43" type="cond" truecount="0" falsecount="1"/>
        <line num="123" count="0" type="stmt"/>
        <line num="126" count="43" type="stmt"/>
      </file>
      <file name="rRuleDateStringFormat.ts" path="I:\_repositoriosGitHub\simple-rrule\src\rRuleDateStringFormat.ts">
        <metrics statements="7" coveredstatements="7" conditionals="10" coveredconditionals="5" methods="2" coveredmethods="2"/>
        <line num="1" count="52" type="cond" truecount="1" falsecount="0"/>
        <line num="2" count="26" type="stmt"/>
        <line num="14" count="9" type="stmt"/>
        <line num="15" count="1" type="stmt"/>
        <line num="16" count="1" type="stmt"/>
        <line num="18" count="1" type="cond" truecount="0" falsecount="1"/>
        <line num="20" count="1" type="stmt"/>
      </file>
      <file name="types.ts" path="I:\_repositoriosGitHub\simple-rrule\src\types.ts">
        <metrics statements="18" coveredstatements="18" conditionals="4" coveredconditionals="4" methods="2" coveredmethods="2"/>
        <line num="1" count="8" type="cond" truecount="2" falsecount="0"/>
        <line num="2" count="8" type="stmt"/>
        <line num="3" count="8" type="stmt"/>
        <line num="4" count="8" type="stmt"/>
        <line num="5" count="8" type="stmt"/>
        <line num="6" count="8" type="stmt"/>
        <line num="7" count="8" type="stmt"/>
        <line num="8" count="8" type="stmt"/>
        <line num="9" count="8" type="stmt"/>
        <line num="12" count="8" type="cond" truecount="2" falsecount="0"/>
        <line num="13" count="8" type="stmt"/>
        <line num="14" count="8" type="stmt"/>
        <line num="15" count="8" type="stmt"/>
        <line num="16" count="8" type="stmt"/>
        <line num="17" count="8" type="stmt"/>
        <line num="18" count="8" type="stmt"/>
        <line num="19" count="8" type="stmt"/>
        <line num="22" count="8" type="stmt"/>
      </file>
    </package>
    <package name="src.validators">
      <metrics statements="34" coveredstatements="26" conditionals="2" coveredconditionals="2" methods="4" coveredmethods="4"/>
      <file name="rRule.ts" path="I:\_repositoriosGitHub\simple-rrule\src\validators\rRule.ts">
        <metrics statements="16" coveredstatements="12" conditionals="1" coveredconditionals="1" methods="2" coveredmethods="2"/>
        <line num="1" count="7" type="stmt"/>
        <line num="2" count="7" type="stmt"/>
        <line num="3" count="7" type="stmt"/>
        <line num="5" count="7" type="stmt"/>
        <line num="11" count="177" type="cond" truecount="1" falsecount="0"/>
        <line num="12" count="177" type="stmt"/>
        <line num="14" count="0" type="stmt"/>
        <line num="32" count="7" type="stmt"/>
        <line num="46" count="7" type="stmt"/>
        <line num="47" count="85" type="stmt"/>
        <line num="48" count="85" type="stmt"/>
        <line num="49" count="85" type="stmt"/>
        <line num="51" count="0" type="stmt"/>
        <line num="52" count="0" type="stmt"/>
        <line num="57" count="0" type="stmt"/>
        <line num="61" count="7" type="stmt"/>
      </file>
      <file name="scheduler.ts" path="I:\_repositoriosGitHub\simple-rrule\src\validators\scheduler.ts">
        <metrics statements="18" coveredstatements="14" conditionals="1" coveredconditionals="1" methods="2" coveredmethods="2"/>
        <line num="1" count="2" type="stmt"/>
        <line num="2" count="2" type="stmt"/>
        <line num="3" count="2" type="stmt"/>
        <line num="5" count="2" type="stmt"/>
        <line num="13" count="12" type="cond" truecount="1" falsecount="0"/>
        <line num="14" count="12" type="stmt"/>
        <line num="16" count="0" type="stmt"/>
        <line num="37" count="2" type="stmt"/>
        <line num="39" count="2" type="stmt"/>
        <line num="42" count="5" type="stmt"/>
        <line num="43" count="5" type="stmt"/>
        <line num="44" count="5" type="stmt"/>
        <line num="46" count="0" type="stmt"/>
        <line num="52" count="0" type="stmt"/>
        <line num="57" count="0" type="stmt"/>
        <line num="62" count="2" type="stmt"/>
        <line num="63" count="2" type="stmt"/>
        <line num="64" count="2" type="stmt"/>
      </file>
    </package>
  </project>
</coverage>
