{"I:\\_repositoriosGitHub\\simple-rrule\\src\\expandRrule.ts": {"path":"I:\\_repositoriosGitHub\\simple-rrule\\src\\expandRrule.ts","statementMap":{"0":{"start":{"line":1,"column":0},"end":{"line":1,"column":null}},"1":{"start":{"line":26,"column":0},"end":{"line":26,"column":44}},"2":{"start":{"line":27,"column":0},"end":{"line":27,"column":73}},"3":{"start":{"line":28,"column":0},"end":{"line":28,"column":56}},"4":{"start":{"line":38,"column":27},"end":{"line":72,"column":1}},"5":{"start":{"line":42,"column":4},"end":{"line":42,"column":44}},"6":{"start":{"line":47,"column":18},"end":{"line":47,"column":45}},"7":{"start":{"line":49,"column":14},"end":{"line":53,"column":null}},"8":{"start":{"line":58,"column":4},"end":{"line":63,"column":null}},"9":{"start":{"line":59,"column":8},"end":{"line":62,"column":null}},"10":{"start":{"line":65,"column":19},"end":{"line":68,"column":null}},"11":{"start":{"line":71,"column":4},"end":{"line":71,"column":null}},"12":{"start":{"line":38,"column":13},"end":{"line":38,"column":27}},"13":{"start":{"line":74,"column":37},"end":{"line":82,"column":1}},"14":{"start":{"line":79,"column":19},"end":{"line":79,"column":73}},"15":{"start":{"line":81,"column":4},"end":{"line":81,"column":null}},"16":{"start":{"line":74,"column":13},"end":{"line":74,"column":37}},"17":{"start":{"line":84,"column":29},"end":{"line":205,"column":1}},"18":{"start":{"line":85,"column":24},"end":{"line":85,"column":26}},"19":{"start":{"line":87,"column":4},"end":{"line":87,"column":null}},"20":{"start":{"line":87,"column":70},"end":{"line":87,"column":null}},"21":{"start":{"line":89,"column":31},"end":{"line":92,"column":null}},"22":{"start":{"line":94,"column":17},"end":{"line":96,"column":null}},"23":{"start":{"line":100,"column":4},"end":{"line":151,"column":null}},"24":{"start":{"line":103,"column":12},"end":{"line":103,"column":17}},"25":{"start":{"line":105,"column":12},"end":{"line":105,"column":null}},"26":{"start":{"line":106,"column":12},"end":{"line":106,"column":17}},"27":{"start":{"line":108,"column":12},"end":{"line":108,"column":null}},"28":{"start":{"line":109,"column":12},"end":{"line":109,"column":17}},"29":{"start":{"line":111,"column":12},"end":{"line":111,"column":null}},"30":{"start":{"line":112,"column":12},"end":{"line":112,"column":17}},"31":{"start":{"line":114,"column":12},"end":{"line":135,"column":null}},"32":{"start":{"line":115,"column":43},"end":{"line":115,"column":45}},"33":{"start":{"line":117,"column":33},"end":{"line":117,"column":52}},"34":{"start":{"line":118,"column":16},"end":{"line":118,"column":null}},"35":{"start":{"line":120,"column":32},"end":{"line":122,"column":18}},"36":{"start":{"line":124,"column":16},"end":{"line":130,"column":null}},"37":{"start":{"line":125,"column":38},"end":{"line":125,"column":79}},"38":{"start":{"line":126,"column":20},"end":{"line":128,"column":null}},"39":{"start":{"line":127,"column":24},"end":{"line":127,"column":null}},"40":{"start":{"line":129,"column":20},"end":{"line":129,"column":null}},"41":{"start":{"line":132,"column":16},"end":{"line":132,"column":null}},"42":{"start":{"line":134,"column":16},"end":{"line":134,"column":null}},"43":{"start":{"line":137,"column":12},"end":{"line":137,"column":17}},"44":{"start":{"line":139,"column":12},"end":{"line":143,"column":null}},"45":{"start":{"line":140,"column":16},"end":{"line":140,"column":null}},"46":{"start":{"line":141,"column":16},"end":{"line":141,"column":null}},"47":{"start":{"line":141,"column":41},"end":{"line":141,"column":69}},"48":{"start":{"line":142,"column":16},"end":{"line":142,"column":21}},"49":{"start":{"line":144,"column":12},"end":{"line":144,"column":null}},"50":{"start":{"line":145,"column":12},"end":{"line":145,"column":17}},"51":{"start":{"line":148,"column":12},"end":{"line":148,"column":null}},"52":{"start":{"line":149,"column":12},"end":{"line":149,"column":17}},"53":{"start":{"line":154,"column":4},"end":{"line":181,"column":null}},"54":{"start":{"line":156,"column":12},"end":{"line":158,"column":null}},"55":{"start":{"line":157,"column":16},"end":{"line":157,"column":null}},"56":{"start":{"line":159,"column":12},"end":{"line":159,"column":17}},"57":{"start":{"line":161,"column":12},"end":{"line":164,"column":null}},"58":{"start":{"line":162,"column":27},"end":{"line":162,"column":73}},"59":{"start":{"line":163,"column":16},"end":{"line":163,"column":null}},"60":{"start":{"line":165,"column":12},"end":{"line":165,"column":17}},"61":{"start":{"line":170,"column":12},"end":{"line":178,"column":null}},"62":{"start":{"line":171,"column":16},"end":{"line":177,"column":null}},"63":{"start":{"line":179,"column":12},"end":{"line":179,"column":17}},"64":{"start":{"line":183,"column":34},"end":{"line":200,"column":10}},"65":{"start":{"line":187,"column":12},"end":{"line":190,"column":null}},"66":{"start":{"line":193,"column":31},"end":{"line":193,"column":36}},"67":{"start":{"line":194,"column":12},"end":{"line":194,"column":null}},"68":{"start":{"line":196,"column":12},"end":{"line":198,"column":null}},"69":{"start":{"line":197,"column":16},"end":{"line":197,"column":null}},"70":{"start":{"line":199,"column":12},"end":{"line":199,"column":null}},"71":{"start":{"line":204,"column":4},"end":{"line":204,"column":null}},"72":{"start":{"line":207,"column":31},"end":{"line":260,"column":1}},"73":{"start":{"line":211,"column":4},"end":{"line":211,"column":null}},"74":{"start":{"line":213,"column":16},"end":{"line":229,"column":null}},"75":{"start":{"line":232,"column":4},"end":{"line":237,"column":null}},"76":{"start":{"line":233,"column":8},"end":{"line":236,"column":null}},"77":{"start":{"line":238,"column":4},"end":{"line":245,"column":null}},"78":{"start":{"line":239,"column":8},"end":{"line":239,"column":null}},"79":{"start":{"line":240,"column":11},"end":{"line":245,"column":null}},"80":{"start":{"line":241,"column":8},"end":{"line":241,"column":null}},"81":{"start":{"line":242,"column":8},"end":{"line":244,"column":null}},"82":{"start":{"line":247,"column":4},"end":{"line":252,"column":null}},"83":{"start":{"line":248,"column":8},"end":{"line":248,"column":null}},"84":{"start":{"line":249,"column":8},"end":{"line":251,"column":null}},"85":{"start":{"line":254,"column":4},"end":{"line":257,"column":null}},"86":{"start":{"line":255,"column":18},"end":{"line":255,"column":70}},"87":{"start":{"line":256,"column":8},"end":{"line":256,"column":null}},"88":{"start":{"line":259,"column":4},"end":{"line":259,"column":null}},"89":{"start":{"line":262,"column":53},"end":{"line":378,"column":1}},"90":{"start":{"line":265,"column":17},"end":{"line":265,"column":18}},"91":{"start":{"line":266,"column":30},"end":{"line":266,"column":31}},"92":{"start":{"line":267,"column":28},"end":{"line":267,"column":29}},"93":{"start":{"line":268,"column":33},"end":{"line":268,"column":34}},"94":{"start":{"line":269,"column":4},"end":{"line":366,"column":null}},"95":{"start":{"line":272,"column":12},"end":{"line":272,"column":17}},"96":{"start":{"line":274,"column":12},"end":{"line":277,"column":null}},"97":{"start":{"line":278,"column":12},"end":{"line":281,"column":null}},"98":{"start":{"line":282,"column":12},"end":{"line":284,"column":null}},"99":{"start":{"line":285,"column":12},"end":{"line":288,"column":null}},"100":{"start":{"line":290,"column":12},"end":{"line":290,"column":17}},"101":{"start":{"line":292,"column":12},"end":{"line":295,"column":null}},"102":{"start":{"line":296,"column":12},"end":{"line":296,"column":null}},"103":{"start":{"line":297,"column":12},"end":{"line":299,"column":null}},"104":{"start":{"line":300,"column":12},"end":{"line":303,"column":null}},"105":{"start":{"line":304,"column":12},"end":{"line":304,"column":17}},"106":{"start":{"line":306,"column":12},"end":{"line":309,"column":null}},"107":{"start":{"line":310,"column":12},"end":{"line":310,"column":null}},"108":{"start":{"line":311,"column":12},"end":{"line":313,"column":null}},"109":{"start":{"line":314,"column":12},"end":{"line":317,"column":null}},"110":{"start":{"line":319,"column":12},"end":{"line":319,"column":17}},"111":{"start":{"line":321,"column":12},"end":{"line":324,"column":null}},"112":{"start":{"line":325,"column":12},"end":{"line":325,"column":null}},"113":{"start":{"line":327,"column":12},"end":{"line":329,"column":null}},"114":{"start":{"line":331,"column":12},"end":{"line":334,"column":null}},"115":{"start":{"line":336,"column":12},"end":{"line":336,"column":17}},"116":{"start":{"line":338,"column":12},"end":{"line":341,"column":null}},"117":{"start":{"line":343,"column":12},"end":{"line":348,"column":null}},"118":{"start":{"line":344,"column":16},"end":{"line":347,"column":null}},"119":{"start":{"line":350,"column":12},"end":{"line":350,"column":17}},"120":{"start":{"line":352,"column":12},"end":{"line":355,"column":null}},"121":{"start":{"line":357,"column":12},"end":{"line":362,"column":null}},"122":{"start":{"line":358,"column":16},"end":{"line":361,"column":null}},"123":{"start":{"line":364,"column":12},"end":{"line":364,"column":17}},"124":{"start":{"line":368,"column":4},"end":{"line":372,"column":null}},"125":{"start":{"line":369,"column":8},"end":{"line":369,"column":null}},"126":{"start":{"line":370,"column":8},"end":{"line":370,"column":null}},"127":{"start":{"line":371,"column":8},"end":{"line":371,"column":null}},"128":{"start":{"line":374,"column":4},"end":{"line":374,"column":null}},"129":{"start":{"line":377,"column":4},"end":{"line":377,"column":null}}},"fnMap":{"0":{"name":"(anonymous_1)","decl":{"start":{"line":74,"column":37},"end":{"line":74,"column":null}},"loc":{"start":{"line":77,"column":24},"end":{"line":82,"column":1}}},"1":{"name":"(anonymous_2)","decl":{"start":{"line":84,"column":29},"end":{"line":84,"column":30}},"loc":{"start":{"line":84,"column":46},"end":{"line":205,"column":1}}},"2":{"name":"(anonymous_3)","decl":{"start":{"line":124,"column":28},"end":{"line":124,"column":29}},"loc":{"start":{"line":124,"column":32},"end":{"line":130,"column":17}}},"3":{"name":"(anonymous_4)","decl":{"start":{"line":141,"column":34},"end":{"line":141,"column":35}},"loc":{"start":{"line":141,"column":36},"end":{"line":141,"column":48}}},"4":{"name":"(anonymous_5)","decl":{"start":{"line":156,"column":30},"end":{"line":156,"column":31}},"loc":{"start":{"line":156,"column":32},"end":{"line":158,"column":13}}},"5":{"name":"(anonymous_6)","decl":{"start":{"line":161,"column":30},"end":{"line":161,"column":31}},"loc":{"start":{"line":161,"column":32},"end":{"line":164,"column":13}}},"6":{"name":"(anonymous_7)","decl":{"start":{"line":170,"column":30},"end":{"line":170,"column":31}},"loc":{"start":{"line":170,"column":32},"end":{"line":178,"column":13}}},"7":{"name":"(anonymous_8)","decl":{"start":{"line":184,"column":13},"end":{"line":184,"column":14}},"loc":{"start":{"line":184,"column":18},"end":{"line":191,"column":9}}},"8":{"name":"(anonymous_9)","decl":{"start":{"line":192,"column":16},"end":{"line":192,"column":17}},"loc":{"start":{"line":192,"column":18},"end":{"line":200,"column":9}}},"9":{"name":"(anonymous_10)","decl":{"start":{"line":207,"column":31},"end":{"line":207,"column":null}},"loc":{"start":{"line":211,"column":48},"end":{"line":260,"column":1}}},"10":{"name":"(anonymous_11)","decl":{"start":{"line":262,"column":53},"end":{"line":262,"column":null}},"loc":{"start":{"line":263,"column":20},"end":{"line":378,"column":1}}}},"branchMap":{"0":{"loc":{"start":{"line":42,"column":4},"end":{"line":42,"column":44}},"type":"if","locations":[{"start":{"line":42,"column":4},"end":{"line":42,"column":44}}]},"1":{"loc":{"start":{"line":58,"column":4},"end":{"line":63,"column":null}},"type":"if","locations":[{"start":{"line":58,"column":4},"end":{"line":63,"column":null}}]},"2":{"loc":{"start":{"line":87,"column":4},"end":{"line":87,"column":null}},"type":"if","locations":[{"start":{"line":87,"column":4},"end":{"line":87,"column":null}}]},"3":{"loc":{"start":{"line":95,"column":14},"end":{"line":95,"column":76}},"type":"cond-expr","locations":[{"start":{"line":95,"column":49},"end":{"line":95,"column":63}},{"start":{"line":95,"column":66},"end":{"line":95,"column":76}}]},"4":{"loc":{"start":{"line":100,"column":4},"end":{"line":151,"column":null}},"type":"switch","locations":[{"start":{"line":101,"column":8},"end":{"line":103,"column":17}},{"start":{"line":104,"column":8},"end":{"line":106,"column":17}},{"start":{"line":107,"column":8},"end":{"line":109,"column":17}},{"start":{"line":110,"column":8},"end":{"line":112,"column":17}},{"start":{"line":113,"column":8},"end":{"line":137,"column":17}},{"start":{"line":138,"column":8},"end":{"line":145,"column":17}},{"start":{"line":146,"column":8},"end":{"line":149,"column":17}},{"start":{"line":150,"column":8},"end":{"line":150,"column":16}}]},"5":{"loc":{"start":{"line":114,"column":12},"end":{"line":135,"column":null}},"type":"if","locations":[{"start":{"line":114,"column":12},"end":{"line":135,"column":null}},{"start":{"line":133,"column":19},"end":{"line":135,"column":null}}]},"6":{"loc":{"start":{"line":114,"column":16},"end":{"line":114,"column":45}},"type":"binary-expr","locations":[{"start":{"line":114,"column":16},"end":{"line":114,"column":23}},{"start":{"line":114,"column":27},"end":{"line":114,"column":45}}]},"7":{"loc":{"start":{"line":117,"column":33},"end":{"line":117,"column":52}},"type":"cond-expr","locations":[{"start":{"line":117,"column":40},"end":{"line":117,"column":42}},{"start":{"line":117,"column":40},"end":{"line":117,"column":52}}]},"8":{"loc":{"start":{"line":117,"column":33},"end":{"line":117,"column":42}},"type":"binary-expr","locations":[{"start":{"line":117,"column":33},"end":{"line":117,"column":42}},{"start":{"line":117,"column":40},"end":{"line":117,"column":42}}]},"9":{"loc":{"start":{"line":126,"column":20},"end":{"line":128,"column":null}},"type":"if","locations":[{"start":{"line":126,"column":20},"end":{"line":128,"column":null}}]},"10":{"loc":{"start":{"line":126,"column":24},"end":{"line":126,"column":53}},"type":"cond-expr","locations":[{"start":{"line":126,"column":32},"end":{"line":126,"column":34}},{"start":{"line":126,"column":24},"end":{"line":126,"column":53}}]},"11":{"loc":{"start":{"line":126,"column":24},"end":{"line":126,"column":34}},"type":"binary-expr","locations":[{"start":{"line":126,"column":24},"end":{"line":126,"column":34}},{"start":{"line":126,"column":24},"end":{"line":126,"column":34}}]},"12":{"loc":{"start":{"line":139,"column":12},"end":{"line":143,"column":null}},"type":"if","locations":[{"start":{"line":139,"column":12},"end":{"line":143,"column":null}}]},"13":{"loc":{"start":{"line":139,"column":16},"end":{"line":139,"column":48}},"type":"binary-expr","locations":[{"start":{"line":139,"column":16},"end":{"line":139,"column":28}},{"start":{"line":139,"column":32},"end":{"line":139,"column":48}}]},"14":{"loc":{"start":{"line":141,"column":52},"end":{"line":141,"column":67}},"type":"cond-expr","locations":[{"start":{"line":141,"column":53},"end":{"line":141,"column":55}},{"start":{"line":141,"column":52},"end":{"line":141,"column":67}}]},"15":{"loc":{"start":{"line":141,"column":52},"end":{"line":141,"column":55}},"type":"binary-expr","locations":[{"start":{"line":141,"column":52},"end":{"line":141,"column":55}},{"start":{"line":141,"column":52},"end":{"line":141,"column":55}}]},"16":{"loc":{"start":{"line":154,"column":4},"end":{"line":181,"column":null}},"type":"switch","locations":[{"start":{"line":155,"column":8},"end":{"line":159,"column":17}},{"start":{"line":160,"column":8},"end":{"line":165,"column":17}},{"start":{"line":166,"column":8},"end":{"line":166,"column":29}},{"start":{"line":167,"column":8},"end":{"line":167,"column":30}},{"start":{"line":168,"column":8},"end":{"line":168,"column":31}},{"start":{"line":169,"column":8},"end":{"line":179,"column":17}},{"start":{"line":180,"column":8},"end":{"line":180,"column":16}}]},"17":{"loc":{"start":{"line":196,"column":12},"end":{"line":198,"column":null}},"type":"if","locations":[{"start":{"line":196,"column":12},"end":{"line":198,"column":null}}]},"18":{"loc":{"start":{"line":196,"column":16},"end":{"line":196,"column":48}},"type":"binary-expr","locations":[{"start":{"line":196,"column":16},"end":{"line":196,"column":27}},{"start":{"line":196,"column":31},"end":{"line":196,"column":48}}]},"19":{"loc":{"start":{"line":211,"column":4},"end":{"line":211,"column":null}},"type":"if","locations":[{"start":{"line":211,"column":4},"end":{"line":211,"column":null}}]},"20":{"loc":{"start":{"line":215,"column":15},"end":{"line":215,"column":63}},"type":"cond-expr","locations":[{"start":{"line":215,"column":48},"end":{"line":215,"column":59}},{"start":{"line":215,"column":62},"end":{"line":215,"column":63}}]},"21":{"loc":{"start":{"line":215,"column":15},"end":{"line":215,"column":45}},"type":"binary-expr","locations":[{"start":{"line":215,"column":15},"end":{"line":215,"column":26}},{"start":{"line":215,"column":30},"end":{"line":215,"column":45}}]},"22":{"loc":{"start":{"line":217,"column":12},"end":{"line":217,"column":79}},"type":"cond-expr","locations":[{"start":{"line":217,"column":47},"end":{"line":217,"column":60}},{"start":{"line":217,"column":63},"end":{"line":217,"column":79}}]},"23":{"loc":{"start":{"line":219,"column":12},"end":{"line":221,"column":32}},"type":"cond-expr","locations":[{"start":{"line":220,"column":18},"end":{"line":220,"column":29}},{"start":{"line":221,"column":18},"end":{"line":221,"column":32}}]},"24":{"loc":{"start":{"line":219,"column":12},"end":{"line":219,"column":57}},"type":"binary-expr","locations":[{"start":{"line":219,"column":12},"end":{"line":219,"column":25}},{"start":{"line":219,"column":29},"end":{"line":219,"column":57}}]},"25":{"loc":{"start":{"line":222,"column":25},"end":{"line":224,"column":61}},"type":"cond-expr","locations":[{"start":{"line":223,"column":14},"end":{"line":223,"column":36}},{"start":{"line":224,"column":14},"end":{"line":224,"column":61}}]},"26":{"loc":{"start":{"line":232,"column":4},"end":{"line":237,"column":null}},"type":"if","locations":[{"start":{"line":232,"column":4},"end":{"line":237,"column":null}}]},"27":{"loc":{"start":{"line":232,"column":8},"end":{"line":232,"column":66}},"type":"binary-expr","locations":[{"start":{"line":232,"column":8},"end":{"line":232,"column":34}},{"start":{"line":232,"column":38},"end":{"line":232,"column":51}},{"start":{"line":232,"column":55},"end":{"line":232,"column":66}}]},"28":{"loc":{"start":{"line":238,"column":4},"end":{"line":245,"column":null}},"type":"if","locations":[{"start":{"line":238,"column":4},"end":{"line":245,"column":null}},{"start":{"line":240,"column":11},"end":{"line":245,"column":null}}]},"29":{"loc":{"start":{"line":240,"column":11},"end":{"line":245,"column":null}},"type":"if","locations":[{"start":{"line":240,"column":11},"end":{"line":245,"column":null}}]},"30":{"loc":{"start":{"line":247,"column":4},"end":{"line":252,"column":null}},"type":"if","locations":[{"start":{"line":247,"column":4},"end":{"line":252,"column":null}}]},"31":{"loc":{"start":{"line":247,"column":8},"end":{"line":247,"column":62}},"type":"binary-expr","locations":[{"start":{"line":247,"column":8},"end":{"line":247,"column":21}},{"start":{"line":247,"column":25},"end":{"line":247,"column":62}}]},"32":{"loc":{"start":{"line":254,"column":4},"end":{"line":257,"column":null}},"type":"if","locations":[{"start":{"line":254,"column":4},"end":{"line":257,"column":null}}]},"33":{"loc":{"start":{"line":254,"column":8},"end":{"line":254,"column":69}},"type":"binary-expr","locations":[{"start":{"line":254,"column":8},"end":{"line":254,"column":25}},{"start":{"line":254,"column":29},"end":{"line":254,"column":69}}]},"34":{"loc":{"start":{"line":269,"column":4},"end":{"line":366,"column":null}},"type":"switch","locations":[{"start":{"line":270,"column":8},"end":{"line":272,"column":17}},{"start":{"line":273,"column":8},"end":{"line":290,"column":17}},{"start":{"line":291,"column":8},"end":{"line":304,"column":17}},{"start":{"line":305,"column":8},"end":{"line":319,"column":17}},{"start":{"line":320,"column":8},"end":{"line":336,"column":17}},{"start":{"line":337,"column":8},"end":{"line":350,"column":17}},{"start":{"line":351,"column":8},"end":{"line":364,"column":17}},{"start":{"line":365,"column":8},"end":{"line":365,"column":16}}]},"35":{"loc":{"start":{"line":343,"column":12},"end":{"line":348,"column":null}},"type":"if","locations":[{"start":{"line":343,"column":12},"end":{"line":348,"column":null}}]},"36":{"loc":{"start":{"line":357,"column":12},"end":{"line":362,"column":null}},"type":"if","locations":[{"start":{"line":357,"column":12},"end":{"line":362,"column":null}}]},"37":{"loc":{"start":{"line":368,"column":4},"end":{"line":372,"column":null}},"type":"if","locations":[{"start":{"line":368,"column":4},"end":{"line":372,"column":null}}]},"38":{"loc":{"start":{"line":368,"column":8},"end":{"line":368,"column":55}},"type":"binary-expr","locations":[{"start":{"line":368,"column":8},"end":{"line":368,"column":19}},{"start":{"line":368,"column":23},"end":{"line":368,"column":55}}]}},"s":{"0":6,"1":6,"2":6,"3":6,"4":6,"5":84,"6":42,"7":42,"8":42,"9":0,"10":42,"11":42,"12":6,"13":6,"14":5,"15":5,"16":6,"17":6,"18":42,"19":42,"20":0,"21":42,"22":42,"23":42,"24":0,"25":9,"26":9,"27":9,"28":9,"29":10,"30":10,"31":10,"32":1,"33":1,"34":1,"35":1,"36":1,"37":8,"38":8,"39":3,"40":8,"41":1,"42":9,"43":10,"44":4,"45":2,"46":2,"47":11,"48":2,"49":2,"50":2,"51":0,"52":0,"53":42,"54":9,"55":123,"56":9,"57":9,"58":120,"59":120,"60":9,"61":24,"62":187,"63":24,"64":42,"65":430,"66":430,"67":430,"68":430,"69":69,"70":430,"71":42,"72":6,"73":42,"74":42,"75":42,"76":0,"77":42,"78":0,"79":42,"80":0,"81":0,"82":42,"83":0,"84":0,"85":42,"86":15,"87":15,"88":27,"89":6,"90":15,"91":15,"92":15,"93":15,"94":15,"95":0,"96":3,"97":3,"98":3,"99":3,"100":3,"101":3,"102":3,"103":3,"104":3,"105":3,"106":3,"107":3,"108":3,"109":3,"110":3,"111":4,"112":4,"113":4,"114":4,"115":4,"116":2,"117":2,"118":2,"119":2,"120":0,"121":0,"122":0,"123":0,"124":15,"125":0,"126":0,"127":0,"128":15,"129":15},"f":{"0":5,"1":42,"2":8,"3":11,"4":123,"5":120,"6":187,"7":430,"8":430,"9":42,"10":15},"b":{"0":[42],"1":[0],"2":[0],"3":[10,32],"4":[0,9,9,10,10,4,0,0],"5":[1,9],"6":[10,1],"7":[0,1],"8":[1,1],"9":[3],"10":[0,8],"11":[8,8],"12":[2],"13":[4,2],"14":[0,11],"15":[11,11],"16":[9,9,10,20,24,24,0],"17":[69],"18":[430,160],"19":[0],"20":[30,12],"21":[42,30],"22":[24,18],"23":[0,42],"24":[42,0],"25":[0,42],"26":[0],"27":[42,42,0],"28":[0,42],"29":[0],"30":[0],"31":[42,0],"32":[15],"33":[42,42],"34":[0,3,3,3,4,2,0,0],"35":[2],"36":[0],"37":[0],"38":[15,3]}}
,"I:\\_repositoriosGitHub\\simple-rrule\\src\\getRrule.ts": {"path":"I:\\_repositoriosGitHub\\simple-rrule\\src\\getRrule.ts","statementMap":{"0":{"start":{"line":1,"column":0},"end":{"line":1,"column":59}},"1":{"start":{"line":3,"column":0},"end":{"line":3,"column":48}},"2":{"start":{"line":4,"column":0},"end":{"line":4,"column":null}},"3":{"start":{"line":9,"column":30},"end":{"line":52,"column":1}},"4":{"start":{"line":10,"column":4},"end":{"line":12,"column":null}},"5":{"start":{"line":11,"column":8},"end":{"line":11,"column":null}},"6":{"start":{"line":14,"column":14},"end":{"line":14,"column":46}},"7":{"start":{"line":16,"column":22},"end":{"line":16,"column":77}},"8":{"start":{"line":17,"column":18},"end":{"line":17,"column":74}},"9":{"start":{"line":18,"column":16},"end":{"line":18,"column":70}},"10":{"start":{"line":19,"column":4},"end":{"line":19,"column":null}},"11":{"start":{"line":21,"column":4},"end":{"line":23,"column":null}},"12":{"start":{"line":22,"column":8},"end":{"line":22,"column":null}},"13":{"start":{"line":25,"column":4},"end":{"line":27,"column":null}},"14":{"start":{"line":26,"column":8},"end":{"line":26,"column":null}},"15":{"start":{"line":29,"column":4},"end":{"line":31,"column":null}},"16":{"start":{"line":30,"column":8},"end":{"line":30,"column":null}},"17":{"start":{"line":33,"column":4},"end":{"line":35,"column":null}},"18":{"start":{"line":34,"column":8},"end":{"line":34,"column":null}},"19":{"start":{"line":37,"column":4},"end":{"line":39,"column":null}},"20":{"start":{"line":38,"column":8},"end":{"line":38,"column":null}},"21":{"start":{"line":41,"column":4},"end":{"line":43,"column":null}},"22":{"start":{"line":42,"column":8},"end":{"line":42,"column":null}},"23":{"start":{"line":45,"column":4},"end":{"line":47,"column":null}},"24":{"start":{"line":46,"column":8},"end":{"line":46,"column":null}},"25":{"start":{"line":49,"column":4},"end":{"line":49,"column":null}},"26":{"start":{"line":51,"column":4},"end":{"line":51,"column":null}},"27":{"start":{"line":9,"column":13},"end":{"line":9,"column":30}}},"fnMap":{"0":{"name":"(anonymous_0)","decl":{"start":{"line":9,"column":30},"end":{"line":9,"column":31}},"loc":{"start":{"line":9,"column":56},"end":{"line":52,"column":1}}}},"branchMap":{"0":{"loc":{"start":{"line":10,"column":4},"end":{"line":12,"column":null}},"type":"if","locations":[{"start":{"line":10,"column":4},"end":{"line":12,"column":null}}]},"1":{"loc":{"start":{"line":19,"column":47},"end":{"line":19,"column":62}},"type":"binary-expr","locations":[{"start":{"line":19,"column":47},"end":{"line":19,"column":57}},{"start":{"line":19,"column":61},"end":{"line":19,"column":62}}]},"2":{"loc":{"start":{"line":21,"column":4},"end":{"line":23,"column":null}},"type":"if","locations":[{"start":{"line":21,"column":4},"end":{"line":23,"column":null}}]},"3":{"loc":{"start":{"line":25,"column":4},"end":{"line":27,"column":null}},"type":"if","locations":[{"start":{"line":25,"column":4},"end":{"line":27,"column":null}}]},"4":{"loc":{"start":{"line":29,"column":4},"end":{"line":31,"column":null}},"type":"if","locations":[{"start":{"line":29,"column":4},"end":{"line":31,"column":null}}]},"5":{"loc":{"start":{"line":29,"column":8},"end":{"line":29,"column":57}},"type":"binary-expr","locations":[{"start":{"line":29,"column":8},"end":{"line":29,"column":40}},{"start":{"line":29,"column":44},"end":{"line":29,"column":57}}]},"6":{"loc":{"start":{"line":33,"column":4},"end":{"line":35,"column":null}},"type":"if","locations":[{"start":{"line":33,"column":4},"end":{"line":35,"column":null}}]},"7":{"loc":{"start":{"line":33,"column":8},"end":{"line":33,"column":61}},"type":"binary-expr","locations":[{"start":{"line":33,"column":8},"end":{"line":33,"column":41}},{"start":{"line":33,"column":45},"end":{"line":33,"column":61}}]},"8":{"loc":{"start":{"line":37,"column":4},"end":{"line":39,"column":null}},"type":"if","locations":[{"start":{"line":37,"column":4},"end":{"line":39,"column":null}}]},"9":{"loc":{"start":{"line":41,"column":4},"end":{"line":43,"column":null}},"type":"if","locations":[{"start":{"line":41,"column":4},"end":{"line":43,"column":null}}]},"10":{"loc":{"start":{"line":45,"column":4},"end":{"line":47,"column":null}},"type":"if","locations":[{"start":{"line":45,"column":4},"end":{"line":47,"column":null}}]}},"s":{"0":1,"1":1,"2":1,"3":1,"4":5,"5":0,"6":5,"7":5,"8":5,"9":5,"10":5,"11":5,"12":0,"13":5,"14":1,"15":5,"16":0,"17":5,"18":0,"19":5,"20":0,"21":5,"22":1,"23":5,"24":5,"25":5,"26":5,"27":1},"f":{"0":5},"b":{"0":[0],"1":[5,0],"2":[0],"3":[1],"4":[0],"5":[5,1],"6":[0],"7":[5,0],"8":[0],"9":[1],"10":[5]}}
,"I:\\_repositoriosGitHub\\simple-rrule\\src\\index.ts": {"path":"I:\\_repositoriosGitHub\\simple-rrule\\src\\index.ts","statementMap":{"0":{"start":{"line":1,"column":0},"end":{"line":1,"column":23}},"1":{"start":{"line":2,"column":0},"end":{"line":2,"column":29}},"2":{"start":{"line":3,"column":0},"end":{"line":3,"column":26}},"3":{"start":{"line":4,"column":0},"end":{"line":4,"column":28}}},"fnMap":{},"branchMap":{},"s":{"0":0,"1":0,"2":0,"3":0},"f":{},"b":{}}
,"I:\\_repositoriosGitHub\\simple-rrule\\src\\numbers.ts": {"path":"I:\\_repositoriosGitHub\\simple-rrule\\src\\numbers.ts","statementMap":{"0":{"start":{"line":1,"column":25},"end":{"line":11,"column":1}},"1":{"start":{"line":6,"column":15},"end":{"line":6,"column":28}},"2":{"start":{"line":7,"column":4},"end":{"line":9,"column":null}},"3":{"start":{"line":8,"column":8},"end":{"line":8,"column":null}},"4":{"start":{"line":10,"column":4},"end":{"line":10,"column":null}},"5":{"start":{"line":1,"column":13},"end":{"line":1,"column":25}}},"fnMap":{"0":{"name":"(anonymous_0)","decl":{"start":{"line":1,"column":25},"end":{"line":1,"column":null}},"loc":{"start":{"line":4,"column":15},"end":{"line":11,"column":1}}}},"branchMap":{"0":{"loc":{"start":{"line":7,"column":4},"end":{"line":9,"column":null}},"type":"if","locations":[{"start":{"line":7,"column":4},"end":{"line":9,"column":null}}]}},"s":{"0":7,"1":2,"2":2,"3":2,"4":0,"5":7},"f":{"0":2},"b":{"0":[2]}}
,"I:\\_repositoriosGitHub\\simple-rrule\\src\\parseRrule.ts": {"path":"I:\\_repositoriosGitHub\\simple-rrule\\src\\parseRrule.ts","statementMap":{"0":{"start":{"line":1,"column":0},"end":{"line":1,"column":45}},"1":{"start":{"line":2,"column":0},"end":{"line":2,"column":37}},"2":{"start":{"line":4,"column":0},"end":{"line":4,"column":57}},"3":{"start":{"line":5,"column":0},"end":{"line":5,"column":78}},"4":{"start":{"line":7,"column":41},"end":{"line":48,"column":1}},"5":{"start":{"line":8,"column":4},"end":{"line":8,"column":null}},"6":{"start":{"line":9,"column":4},"end":{"line":9,"column":null}},"7":{"start":{"line":11,"column":4},"end":{"line":11,"column":null}},"8":{"start":{"line":11,"column":40},"end":{"line":11,"column":null}},"9":{"start":{"line":13,"column":18},"end":{"line":13,"column":46}},"10":{"start":{"line":15,"column":24},"end":{"line":15,"column":42}},"11":{"start":{"line":17,"column":4},"end":{"line":43,"column":null}},"12":{"start":{"line":18,"column":24},"end":{"line":18,"column":49}},"13":{"start":{"line":19,"column":26},"end":{"line":19,"column":51}},"14":{"start":{"line":21,"column":8},"end":{"line":28,"column":null}},"15":{"start":{"line":22,"column":28},"end":{"line":22,"column":47}},"16":{"start":{"line":23,"column":12},"end":{"line":27,"column":null}},"17":{"start":{"line":24,"column":16},"end":{"line":24,"column":null}},"18":{"start":{"line":26,"column":16},"end":{"line":26,"column":null}},"19":{"start":{"line":30,"column":8},"end":{"line":35,"column":null}},"20":{"start":{"line":31,"column":26},"end":{"line":31,"column":45}},"21":{"start":{"line":32,"column":12},"end":{"line":34,"column":null}},"22":{"start":{"line":33,"column":16},"end":{"line":33,"column":null}},"23":{"start":{"line":37,"column":8},"end":{"line":40,"column":null}},"24":{"start":{"line":38,"column":32},"end":{"line":38,"column":62}},"25":{"start":{"line":39,"column":12},"end":{"line":39,"column":null}},"26":{"start":{"line":42,"column":8},"end":{"line":42,"column":null}},"27":{"start":{"line":45,"column":19},"end":{"line":45,"column":39}},"28":{"start":{"line":47,"column":4},"end":{"line":47,"column":null}},"29":{"start":{"line":7,"column":13},"end":{"line":7,"column":41}},"30":{"start":{"line":50,"column":19},"end":{"line":127,"column":1}},"31":{"start":{"line":50,"column":20},"end":{"line":50,"column":46}},"32":{"start":{"line":51,"column":4},"end":{"line":51,"column":null}},"33":{"start":{"line":51,"column":28},"end":{"line":51,"column":null}},"34":{"start":{"line":53,"column":19},"end":{"line":53,"column":55}},"35":{"start":{"line":55,"column":34},"end":{"line":55,"column":36}},"36":{"start":{"line":56,"column":33},"end":{"line":56,"column":42}},"37":{"start":{"line":58,"column":4},"end":{"line":109,"column":null}},"38":{"start":{"line":59,"column":22},"end":{"line":59,"column":48}},"39":{"start":{"line":61,"column":8},"end":{"line":106,"column":null}},"40":{"start":{"line":63,"column":16},"end":{"line":63,"column":null}},"41":{"start":{"line":64,"column":16},"end":{"line":64,"column":21}},"42":{"start":{"line":66,"column":16},"end":{"line":66,"column":null}},"43":{"start":{"line":67,"column":16},"end":{"line":67,"column":21}},"44":{"start":{"line":69,"column":16},"end":{"line":69,"column":null}},"45":{"start":{"line":70,"column":16},"end":{"line":70,"column":21}},"46":{"start":{"line":72,"column":16},"end":{"line":72,"column":null}},"47":{"start":{"line":73,"column":16},"end":{"line":73,"column":21}},"48":{"start":{"line":75,"column":16},"end":{"line":75,"column":null}},"49":{"start":{"line":76,"column":16},"end":{"line":76,"column":21}},"50":{"start":{"line":79,"column":16},"end":{"line":79,"column":null}},"51":{"start":{"line":80,"column":16},"end":{"line":80,"column":null}},"52":{"start":{"line":81,"column":16},"end":{"line":81,"column":21}},"53":{"start":{"line":83,"column":16},"end":{"line":83,"column":null}},"54":{"start":{"line":84,"column":16},"end":{"line":86,"column":null}},"55":{"start":{"line":85,"column":20},"end":{"line":85,"column":null}},"56":{"start":{"line":87,"column":16},"end":{"line":87,"column":null}},"57":{"start":{"line":88,"column":16},"end":{"line":88,"column":21}},"58":{"start":{"line":90,"column":16},"end":{"line":90,"column":null}},"59":{"start":{"line":91,"column":16},"end":{"line":93,"column":null}},"60":{"start":{"line":92,"column":20},"end":{"line":92,"column":null}},"61":{"start":{"line":94,"column":16},"end":{"line":94,"column":null}},"62":{"start":{"line":95,"column":16},"end":{"line":95,"column":21}},"63":{"start":{"line":97,"column":16},"end":{"line":97,"column":null}},"64":{"start":{"line":98,"column":16},"end":{"line":100,"column":null}},"65":{"start":{"line":99,"column":20},"end":{"line":99,"column":null}},"66":{"start":{"line":101,"column":16},"end":{"line":101,"column":null}},"67":{"start":{"line":102,"column":16},"end":{"line":102,"column":21}},"68":{"start":{"line":105,"column":16},"end":{"line":105,"column":21}},"69":{"start":{"line":108,"column":8},"end":{"line":108,"column":null}},"70":{"start":{"line":111,"column":4},"end":{"line":116,"column":null}},"71":{"start":{"line":115,"column":8},"end":{"line":115,"column":null}},"72":{"start":{"line":118,"column":4},"end":{"line":120,"column":null}},"73":{"start":{"line":119,"column":8},"end":{"line":119,"column":null}},"74":{"start":{"line":122,"column":4},"end":{"line":124,"column":null}},"75":{"start":{"line":123,"column":8},"end":{"line":123,"column":null}},"76":{"start":{"line":126,"column":4},"end":{"line":126,"column":null}}},"fnMap":{"0":{"name":"(anonymous_0)","decl":{"start":{"line":7,"column":41},"end":{"line":7,"column":null}},"loc":{"start":{"line":9,"column":42},"end":{"line":48,"column":1}}},"1":{"name":"(anonymous_1)","decl":{"start":{"line":17,"column":14},"end":{"line":17,"column":15}},"loc":{"start":{"line":17,"column":19},"end":{"line":43,"column":5}}},"2":{"name":"(anonymous_2)","decl":{"start":{"line":50,"column":19},"end":{"line":50,"column":20}},"loc":{"start":{"line":50,"column":67},"end":{"line":127,"column":1}}},"3":{"name":"(anonymous_3)","decl":{"start":{"line":58,"column":15},"end":{"line":58,"column":16}},"loc":{"start":{"line":58,"column":21},"end":{"line":109,"column":5}}}},"branchMap":{"0":{"loc":{"start":{"line":8,"column":4},"end":{"line":8,"column":null}},"type":"if","locations":[{"start":{"line":8,"column":4},"end":{"line":8,"column":null}}]},"1":{"loc":{"start":{"line":9,"column":4},"end":{"line":9,"column":null}},"type":"if","locations":[{"start":{"line":9,"column":4},"end":{"line":9,"column":null}}]},"2":{"loc":{"start":{"line":11,"column":4},"end":{"line":11,"column":null}},"type":"if","locations":[{"start":{"line":11,"column":4},"end":{"line":11,"column":null}}]},"3":{"loc":{"start":{"line":21,"column":8},"end":{"line":28,"column":null}},"type":"if","locations":[{"start":{"line":21,"column":8},"end":{"line":28,"column":null}}]},"4":{"loc":{"start":{"line":23,"column":12},"end":{"line":27,"column":null}},"type":"if","locations":[{"start":{"line":23,"column":12},"end":{"line":27,"column":null}}]},"5":{"loc":{"start":{"line":30,"column":8},"end":{"line":35,"column":null}},"type":"if","locations":[{"start":{"line":30,"column":8},"end":{"line":35,"column":null}}]},"6":{"loc":{"start":{"line":32,"column":12},"end":{"line":34,"column":null}},"type":"if","locations":[{"start":{"line":32,"column":12},"end":{"line":34,"column":null}}]},"7":{"loc":{"start":{"line":37,"column":8},"end":{"line":40,"column":null}},"type":"if","locations":[{"start":{"line":37,"column":8},"end":{"line":40,"column":null}}]},"8":{"loc":{"start":{"line":50,"column":20},"end":{"line":50,"column":46}},"type":"if","locations":[{"start":{"line":50,"column":20},"end":{"line":50,"column":46}}]},"9":{"loc":{"start":{"line":51,"column":4},"end":{"line":51,"column":null}},"type":"if","locations":[{"start":{"line":51,"column":4},"end":{"line":51,"column":null}}]},"10":{"loc":{"start":{"line":61,"column":8},"end":{"line":106,"column":null}},"type":"switch","locations":[{"start":{"line":62,"column":12},"end":{"line":64,"column":21}},{"start":{"line":65,"column":12},"end":{"line":67,"column":21}},{"start":{"line":68,"column":12},"end":{"line":70,"column":21}},{"start":{"line":71,"column":12},"end":{"line":73,"column":21}},{"start":{"line":74,"column":12},"end":{"line":76,"column":21}},{"start":{"line":78,"column":12},"end":{"line":81,"column":21}},{"start":{"line":82,"column":12},"end":{"line":88,"column":21}},{"start":{"line":89,"column":12},"end":{"line":95,"column":21}},{"start":{"line":96,"column":12},"end":{"line":102,"column":21}},{"start":{"line":104,"column":12},"end":{"line":105,"column":21}}]},"11":{"loc":{"start":{"line":66,"column":30},"end":{"line":66,"column":71}},"type":"cond-expr","locations":[{"start":{"line":66,"column":39},"end":{"line":66,"column":56}},{"start":{"line":66,"column":59},"end":{"line":66,"column":71}}]},"12":{"loc":{"start":{"line":84,"column":16},"end":{"line":86,"column":null}},"type":"if","locations":[{"start":{"line":84,"column":16},"end":{"line":86,"column":null}}]},"13":{"loc":{"start":{"line":91,"column":16},"end":{"line":93,"column":null}},"type":"if","locations":[{"start":{"line":91,"column":16},"end":{"line":93,"column":null}}]},"14":{"loc":{"start":{"line":98,"column":16},"end":{"line":100,"column":null}},"type":"if","locations":[{"start":{"line":98,"column":16},"end":{"line":100,"column":null}}]},"15":{"loc":{"start":{"line":111,"column":4},"end":{"line":116,"column":null}},"type":"if","locations":[{"start":{"line":111,"column":4},"end":{"line":116,"column":null}}]},"16":{"loc":{"start":{"line":112,"column":8},"end":{"line":113,"column":52}},"type":"binary-expr","locations":[{"start":{"line":112,"column":8},"end":{"line":112,"column":38}},{"start":{"line":113,"column":9},"end":{"line":113,"column":35}},{"start":{"line":113,"column":39},"end":{"line":113,"column":51}}]},"17":{"loc":{"start":{"line":118,"column":4},"end":{"line":120,"column":null}},"type":"if","locations":[{"start":{"line":118,"column":4},"end":{"line":120,"column":null}}]},"18":{"loc":{"start":{"line":122,"column":4},"end":{"line":124,"column":null}},"type":"if","locations":[{"start":{"line":122,"column":4},"end":{"line":124,"column":null}}]}},"s":{"0":7,"1":7,"2":7,"3":7,"4":7,"5":43,"6":43,"7":43,"8":0,"9":43,"10":43,"11":43,"12":87,"13":87,"14":87,"15":43,"16":43,"17":43,"18":43,"19":87,"20":1,"21":1,"22":1,"23":87,"24":43,"25":43,"26":87,"27":43,"28":43,"29":7,"30":7,"31":43,"32":43,"33":0,"34":43,"35":43,"36":43,"37":43,"38":163,"39":163,"40":43,"41":43,"42":43,"43":43,"44":43,"45":43,"46":30,"47":30,"48":1,"49":1,"50":1,"51":1,"52":1,"53":2,"54":2,"55":2,"56":2,"57":2,"58":0,"59":0,"60":0,"61":0,"62":0,"63":0,"64":0,"65":0,"66":0,"67":0,"68":0,"69":163,"70":43,"71":0,"72":43,"73":0,"74":43,"75":0,"76":43},"f":{"0":43,"1":87,"2":43,"3":163},"b":{"0":[0],"1":[0],"2":[0],"3":[43],"4":[43],"5":[1],"6":[1],"7":[43],"8":[0],"9":[0],"10":[43,43,43,30,1,1,2,0,0,0],"11":[43,0],"12":[2],"13":[0],"14":[0],"15":[0],"16":[43,43,30],"17":[0],"18":[0]}}
,"I:\\_repositoriosGitHub\\simple-rrule\\src\\rRuleDateStringFormat.ts": {"path":"I:\\_repositoriosGitHub\\simple-rrule\\src\\rRuleDateStringFormat.ts","statementMap":{"0":{"start":{"line":1,"column":33},"end":{"line":12,"column":1}},"1":{"start":{"line":1,"column":47},"end":{"line":1,"column":null}},"2":{"start":{"line":2,"column":4},"end":{"line":11,"column":null}},"3":{"start":{"line":1,"column":13},"end":{"line":1,"column":33}},"4":{"start":{"line":14,"column":41},"end":{"line":30,"column":1}},"5":{"start":{"line":15,"column":15},"end":{"line":15,"column":67}},"6":{"start":{"line":16,"column":17},"end":{"line":16,"column":31}},"7":{"start":{"line":18,"column":4},"end":{"line":18,"column":null}},"8":{"start":{"line":18,"column":15},"end":{"line":18,"column":null}},"9":{"start":{"line":20,"column":4},"end":{"line":29,"column":null}},"10":{"start":{"line":14,"column":13},"end":{"line":14,"column":41}}},"fnMap":{"0":{"name":"(anonymous_0)","decl":{"start":{"line":1,"column":33},"end":{"line":1,"column":34}},"loc":{"start":{"line":1,"column":57},"end":{"line":12,"column":1}}},"1":{"name":"(anonymous_1)","decl":{"start":{"line":14,"column":41},"end":{"line":14,"column":42}},"loc":{"start":{"line":14,"column":55},"end":{"line":30,"column":1}}}},"branchMap":{"0":{"loc":{"start":{"line":1,"column":47},"end":{"line":1,"column":null}},"type":"if","locations":[{"start":{"line":1,"column":47},"end":{"line":1,"column":null}}]},"1":{"loc":{"start":{"line":10,"column":8},"end":{"line":10,"column":22}},"type":"cond-expr","locations":[{"start":{"line":10,"column":14},"end":{"line":10,"column":17}},{"start":{"line":10,"column":20},"end":{"line":10,"column":22}}]},"2":{"loc":{"start":{"line":18,"column":4},"end":{"line":18,"column":null}},"type":"if","locations":[{"start":{"line":18,"column":4},"end":{"line":18,"column":null}}]},"3":{"loc":{"start":{"line":25,"column":12},"end":{"line":25,"column":38}},"type":"binary-expr","locations":[{"start":{"line":25,"column":12},"end":{"line":25,"column":33}},{"start":{"line":25,"column":37},"end":{"line":25,"column":38}}]},"4":{"loc":{"start":{"line":26,"column":12},"end":{"line":26,"column":38}},"type":"binary-expr","locations":[{"start":{"line":26,"column":12},"end":{"line":26,"column":33}},{"start":{"line":26,"column":37},"end":{"line":26,"column":38}}]},"5":{"loc":{"start":{"line":27,"column":12},"end":{"line":27,"column":38}},"type":"binary-expr","locations":[{"start":{"line":27,"column":12},"end":{"line":27,"column":33}},{"start":{"line":27,"column":37},"end":{"line":27,"column":38}}]}},"s":{"0":9,"1":52,"2":26,"3":9,"4":9,"5":1,"6":1,"7":1,"8":0,"9":1,"10":9},"f":{"0":26,"1":1},"b":{"0":[26],"1":[26,0],"2":[0],"3":[1,0],"4":[1,0],"5":[1,0]}}
,"I:\\_repositoriosGitHub\\simple-rrule\\src\\types.ts": {"path":"I:\\_repositoriosGitHub\\simple-rrule\\src\\types.ts","statementMap":{"0":{"start":{"line":1,"column":0},"end":{"line":1,"column":null}},"1":{"start":{"line":2,"column":4},"end":{"line":2,"column":null}},"2":{"start":{"line":3,"column":4},"end":{"line":3,"column":null}},"3":{"start":{"line":4,"column":4},"end":{"line":4,"column":null}},"4":{"start":{"line":5,"column":4},"end":{"line":5,"column":null}},"5":{"start":{"line":6,"column":4},"end":{"line":6,"column":null}},"6":{"start":{"line":7,"column":4},"end":{"line":7,"column":null}},"7":{"start":{"line":8,"column":4},"end":{"line":8,"column":null}},"8":{"start":{"line":9,"column":4},"end":{"line":9,"column":null}},"9":{"start":{"line":12,"column":0},"end":{"line":12,"column":null}},"10":{"start":{"line":13,"column":4},"end":{"line":13,"column":null}},"11":{"start":{"line":14,"column":4},"end":{"line":14,"column":null}},"12":{"start":{"line":15,"column":4},"end":{"line":15,"column":null}},"13":{"start":{"line":16,"column":4},"end":{"line":16,"column":null}},"14":{"start":{"line":17,"column":4},"end":{"line":17,"column":null}},"15":{"start":{"line":18,"column":4},"end":{"line":18,"column":null}},"16":{"start":{"line":19,"column":4},"end":{"line":19,"column":null}},"17":{"start":{"line":22,"column":13},"end":{"line":41,"column":null}}},"fnMap":{"0":{"name":"(anonymous_0)","decl":{"start":{"line":1,"column":0},"end":{"line":1,"column":12}},"loc":{"start":{"line":1,"column":21},"end":{"line":10,"column":1}}},"1":{"name":"(anonymous_1)","decl":{"start":{"line":12,"column":0},"end":{"line":12,"column":12}},"loc":{"start":{"line":12,"column":19},"end":{"line":20,"column":1}}}},"branchMap":{"0":{"loc":{"start":{"line":1,"column":12},"end":{"line":1,"column":null}},"type":"binary-expr","locations":[{"start":{"line":1,"column":12},"end":{"line":1,"column":21}},{"start":{"line":1,"column":12},"end":{"line":1,"column":null}}]},"1":{"loc":{"start":{"line":12,"column":12},"end":{"line":12,"column":null}},"type":"binary-expr","locations":[{"start":{"line":12,"column":12},"end":{"line":12,"column":19}},{"start":{"line":12,"column":12},"end":{"line":12,"column":null}}]}},"s":{"0":8,"1":8,"2":8,"3":8,"4":8,"5":8,"6":8,"7":8,"8":8,"9":8,"10":8,"11":8,"12":8,"13":8,"14":8,"15":8,"16":8,"17":8},"f":{"0":8,"1":8},"b":{"0":[8,8],"1":[8,8]}}
,"I:\\_repositoriosGitHub\\simple-rrule\\src\\validators\\rRule.ts": {"path":"I:\\_repositoriosGitHub\\simple-rrule\\src\\validators\\rRule.ts","statementMap":{"0":{"start":{"line":1,"column":0},"end":{"line":1,"column":47}},"1":{"start":{"line":2,"column":0},"end":{"line":2,"column":26}},"2":{"start":{"line":3,"column":0},"end":{"line":3,"column":45}},"3":{"start":{"line":5,"column":23},"end":{"line":28,"column":2}},"4":{"start":{"line":11,"column":12},"end":{"line":13,"column":null}},"5":{"start":{"line":12,"column":16},"end":{"line":12,"column":null}},"6":{"start":{"line":14,"column":12},"end":{"line":14,"column":null}},"7":{"start":{"line":61,"column":9},"end":{"line":61,"column":23}},"8":{"start":{"line":32,"column":35},"end":{"line":32,"column":58}},"9":{"start":{"line":61,"column":25},"end":{"line":61,"column":43}},"10":{"start":{"line":46,"column":22},"end":{"line":59,"column":1}},"11":{"start":{"line":47,"column":4},"end":{"line":58,"column":null}},"12":{"start":{"line":48,"column":8},"end":{"line":48,"column":null}},"13":{"start":{"line":49,"column":8},"end":{"line":49,"column":null}},"14":{"start":{"line":51,"column":8},"end":{"line":51,"column":null}},"15":{"start":{"line":52,"column":22},"end":{"line":56,"column":null}},"16":{"start":{"line":57,"column":8},"end":{"line":57,"column":null}},"17":{"start":{"line":61,"column":45},"end":{"line":61,"column":58}}},"fnMap":{"0":{"name":"(anonymous_0)","decl":{"start":{"line":10,"column":25},"end":{"line":10,"column":26}},"loc":{"start":{"line":10,"column":69},"end":{"line":15,"column":9}}},"1":{"name":"(anonymous_1)","decl":{"start":{"line":46,"column":22},"end":{"line":46,"column":23}},"loc":{"start":{"line":46,"column":36},"end":{"line":59,"column":1}}}},"branchMap":{"0":{"loc":{"start":{"line":11,"column":12},"end":{"line":13,"column":null}},"type":"if","locations":[{"start":{"line":11,"column":12},"end":{"line":13,"column":null}}]}},"s":{"0":7,"1":7,"2":7,"3":7,"4":177,"5":177,"6":0,"7":7,"8":7,"9":7,"10":7,"11":85,"12":85,"13":85,"14":0,"15":0,"16":0,"17":7},"f":{"0":177,"1":85},"b":{"0":[177]}}
,"I:\\_repositoriosGitHub\\simple-rrule\\src\\validators\\scheduler.ts": {"path":"I:\\_repositoriosGitHub\\simple-rrule\\src\\validators\\scheduler.ts","statementMap":{"0":{"start":{"line":1,"column":0},"end":{"line":1,"column":26}},"1":{"start":{"line":2,"column":0},"end":{"line":2,"column":47}},"2":{"start":{"line":3,"column":0},"end":{"line":3,"column":45}},"3":{"start":{"line":5,"column":33},"end":{"line":31,"column":2}},"4":{"start":{"line":13,"column":12},"end":{"line":15,"column":null}},"5":{"start":{"line":14,"column":16},"end":{"line":14,"column":null}},"6":{"start":{"line":16,"column":12},"end":{"line":16,"column":null}},"7":{"start":{"line":62,"column":4},"end":{"line":62,"column":28}},"8":{"start":{"line":37,"column":4},"end":{"line":37,"column":37}},"9":{"start":{"line":63,"column":4},"end":{"line":63,"column":32}},"10":{"start":{"line":39,"column":32},"end":{"line":59,"column":1}},"11":{"start":{"line":42,"column":4},"end":{"line":58,"column":null}},"12":{"start":{"line":43,"column":8},"end":{"line":43,"column":null}},"13":{"start":{"line":44,"column":8},"end":{"line":44,"column":null}},"14":{"start":{"line":46,"column":8},"end":{"line":51,"column":null}},"15":{"start":{"line":52,"column":22},"end":{"line":56,"column":null}},"16":{"start":{"line":57,"column":8},"end":{"line":57,"column":null}},"17":{"start":{"line":64,"column":4},"end":{"line":64,"column":27}}},"fnMap":{"0":{"name":"(anonymous_0)","decl":{"start":{"line":12,"column":25},"end":{"line":12,"column":26}},"loc":{"start":{"line":12,"column":69},"end":{"line":17,"column":9}}},"1":{"name":"(anonymous_1)","decl":{"start":{"line":39,"column":32},"end":{"line":39,"column":null}},"loc":{"start":{"line":40,"column":37},"end":{"line":59,"column":1}}}},"branchMap":{"0":{"loc":{"start":{"line":13,"column":12},"end":{"line":15,"column":null}},"type":"if","locations":[{"start":{"line":13,"column":12},"end":{"line":15,"column":null}}]}},"s":{"0":2,"1":2,"2":2,"3":2,"4":12,"5":12,"6":0,"7":2,"8":2,"9":2,"10":2,"11":5,"12":5,"13":5,"14":0,"15":0,"16":0,"17":2},"f":{"0":12,"1":5},"b":{"0":[12]}}
}
