TN:
SF:src\expandRrule.ts
FN:74,(anonymous_1)
FN:84,(anonymous_2)
FN:124,(anonymous_3)
FN:141,(anonymous_4)
FN:156,(anonymous_5)
FN:161,(anonymous_6)
FN:170,(anonymous_7)
FN:184,(anonymous_8)
FN:192,(anonymous_9)
FN:207,(anonymous_10)
FN:262,(anonymous_11)
FNF:11
FNH:11
FNDA:5,(anonymous_1)
FNDA:42,(anonymous_2)
FNDA:8,(anonymous_3)
FNDA:11,(anonymous_4)
FNDA:123,(anonymous_5)
FNDA:120,(anonymous_6)
FNDA:187,(anonymous_7)
FNDA:430,(anonymous_8)
FNDA:430,(anonymous_9)
FNDA:42,(anonymous_10)
FNDA:15,(anonymous_11)
DA:1,6
DA:26,6
DA:27,6
DA:28,6
DA:38,6
DA:42,84
DA:47,42
DA:49,42
DA:58,42
DA:59,0
DA:65,42
DA:71,42
DA:74,6
DA:79,5
DA:81,5
DA:84,6
DA:85,42
DA:87,42
DA:89,42
DA:94,42
DA:100,42
DA:103,0
DA:105,9
DA:106,9
DA:108,9
DA:109,9
DA:111,10
DA:112,10
DA:114,10
DA:115,1
DA:117,1
DA:118,1
DA:120,1
DA:124,1
DA:125,8
DA:126,8
DA:127,3
DA:129,8
DA:132,1
DA:134,9
DA:137,10
DA:139,4
DA:140,2
DA:141,11
DA:142,2
DA:144,2
DA:145,2
DA:148,0
DA:149,0
DA:154,42
DA:156,9
DA:157,123
DA:159,9
DA:161,9
DA:162,120
DA:163,120
DA:165,9
DA:170,24
DA:171,187
DA:179,24
DA:183,42
DA:187,430
DA:193,430
DA:194,430
DA:196,430
DA:197,69
DA:199,430
DA:204,42
DA:207,6
DA:211,42
DA:213,42
DA:232,42
DA:233,0
DA:238,42
DA:239,0
DA:240,42
DA:241,0
DA:242,0
DA:247,42
DA:248,0
DA:249,0
DA:254,42
DA:255,15
DA:256,15
DA:259,27
DA:262,6
DA:265,15
DA:266,15
DA:267,15
DA:268,15
DA:269,15
DA:272,0
DA:274,3
DA:278,3
DA:282,3
DA:285,3
DA:290,3
DA:292,3
DA:296,3
DA:297,3
DA:300,3
DA:304,3
DA:306,3
DA:310,3
DA:311,3
DA:314,3
DA:319,3
DA:321,4
DA:325,4
DA:327,4
DA:331,4
DA:336,4
DA:338,2
DA:343,2
DA:344,2
DA:350,2
DA:352,0
DA:357,0
DA:358,0
DA:364,0
DA:368,15
DA:369,0
DA:370,0
DA:371,0
DA:374,15
DA:377,15
LF:126
LH:108
BRDA:42,0,0,42
BRDA:58,1,0,0
BRDA:87,2,0,0
BRDA:95,3,0,10
BRDA:95,3,1,32
BRDA:100,4,0,0
BRDA:100,4,1,9
BRDA:100,4,2,9
BRDA:100,4,3,10
BRDA:100,4,4,10
BRDA:100,4,5,4
BRDA:100,4,6,0
BRDA:100,4,7,0
BRDA:114,5,0,1
BRDA:114,5,1,9
BRDA:114,6,0,10
BRDA:114,6,1,1
BRDA:117,7,0,0
BRDA:117,7,1,1
BRDA:117,8,0,1
BRDA:117,8,1,1
BRDA:126,9,0,3
BRDA:126,10,0,0
BRDA:126,10,1,8
BRDA:126,11,0,8
BRDA:126,11,1,8
BRDA:139,12,0,2
BRDA:139,13,0,4
BRDA:139,13,1,2
BRDA:141,14,0,0
BRDA:141,14,1,11
BRDA:141,15,0,11
BRDA:141,15,1,11
BRDA:154,16,0,9
BRDA:154,16,1,9
BRDA:154,16,2,10
BRDA:154,16,3,20
BRDA:154,16,4,24
BRDA:154,16,5,24
BRDA:154,16,6,0
BRDA:196,17,0,69
BRDA:196,18,0,430
BRDA:196,18,1,160
BRDA:211,19,0,0
BRDA:215,20,0,30
BRDA:215,20,1,12
BRDA:215,21,0,42
BRDA:215,21,1,30
BRDA:217,22,0,24
BRDA:217,22,1,18
BRDA:219,23,0,0
BRDA:219,23,1,42
BRDA:219,24,0,42
BRDA:219,24,1,0
BRDA:222,25,0,0
BRDA:222,25,1,42
BRDA:232,26,0,0
BRDA:232,27,0,42
BRDA:232,27,1,42
BRDA:232,27,2,0
BRDA:238,28,0,0
BRDA:238,28,1,42
BRDA:240,29,0,0
BRDA:247,30,0,0
BRDA:247,31,0,42
BRDA:247,31,1,0
BRDA:254,32,0,15
BRDA:254,33,0,42
BRDA:254,33,1,42
BRDA:269,34,0,0
BRDA:269,34,1,3
BRDA:269,34,2,3
BRDA:269,34,3,3
BRDA:269,34,4,4
BRDA:269,34,5,2
BRDA:269,34,6,0
BRDA:269,34,7,0
BRDA:343,35,0,2
BRDA:357,36,0,0
BRDA:368,37,0,0
BRDA:368,38,0,15
BRDA:368,38,1,3
BRF:82
BRH:58
end_of_record
TN:
SF:src\getRrule.ts
FN:9,(anonymous_0)
FNF:1
FNH:1
FNDA:5,(anonymous_0)
DA:1,1
DA:3,1
DA:4,1
DA:9,1
DA:10,5
DA:11,0
DA:14,5
DA:16,5
DA:17,5
DA:18,5
DA:19,5
DA:21,5
DA:22,0
DA:25,5
DA:26,1
DA:29,5
DA:30,0
DA:33,5
DA:34,0
DA:37,5
DA:38,0
DA:41,5
DA:42,1
DA:45,5
DA:46,5
DA:49,5
DA:51,5
LF:27
LH:22
BRDA:10,0,0,0
BRDA:19,1,0,5
BRDA:19,1,1,0
BRDA:21,2,0,0
BRDA:25,3,0,1
BRDA:29,4,0,0
BRDA:29,5,0,5
BRDA:29,5,1,1
BRDA:33,6,0,0
BRDA:33,7,0,5
BRDA:33,7,1,0
BRDA:37,8,0,0
BRDA:41,9,0,1
BRDA:45,10,0,5
BRF:14
BRH:7
end_of_record
TN:
SF:src\index.ts
FNF:0
FNH:0
DA:1,0
DA:2,0
DA:3,0
DA:4,0
LF:4
LH:0
BRF:0
BRH:0
end_of_record
TN:
SF:src\numbers.ts
FN:1,(anonymous_0)
FNF:1
FNH:1
FNDA:2,(anonymous_0)
DA:1,7
DA:6,2
DA:7,2
DA:8,2
DA:10,0
LF:5
LH:4
BRDA:7,0,0,2
BRF:1
BRH:1
end_of_record
TN:
SF:src\parseRrule.ts
FN:7,(anonymous_0)
FN:17,(anonymous_1)
FN:50,(anonymous_2)
FN:58,(anonymous_3)
FNF:4
FNH:4
FNDA:43,(anonymous_0)
FNDA:87,(anonymous_1)
FNDA:43,(anonymous_2)
FNDA:163,(anonymous_3)
DA:1,7
DA:2,7
DA:4,7
DA:5,7
DA:7,7
DA:8,43
DA:9,43
DA:11,43
DA:13,43
DA:15,43
DA:17,43
DA:18,87
DA:19,87
DA:21,87
DA:22,43
DA:23,43
DA:24,43
DA:26,43
DA:30,87
DA:31,1
DA:32,1
DA:33,1
DA:37,87
DA:38,43
DA:39,43
DA:42,87
DA:45,43
DA:47,43
DA:50,43
DA:51,43
DA:53,43
DA:55,43
DA:56,43
DA:58,43
DA:59,163
DA:61,163
DA:63,43
DA:64,43
DA:66,43
DA:67,43
DA:69,43
DA:70,43
DA:72,30
DA:73,30
DA:75,1
DA:76,1
DA:79,1
DA:80,1
DA:81,1
DA:83,2
DA:84,2
DA:85,2
DA:87,2
DA:88,2
DA:90,0
DA:91,0
DA:92,0
DA:94,0
DA:95,0
DA:97,0
DA:98,0
DA:99,0
DA:101,0
DA:102,0
DA:105,0
DA:108,163
DA:111,43
DA:115,0
DA:118,43
DA:119,0
DA:122,43
DA:123,0
DA:126,43
LF:73
LH:59
BRDA:8,0,0,0
BRDA:9,1,0,0
BRDA:11,2,0,0
BRDA:21,3,0,43
BRDA:23,4,0,43
BRDA:30,5,0,1
BRDA:32,6,0,1
BRDA:37,7,0,43
BRDA:50,8,0,0
BRDA:51,9,0,0
BRDA:61,10,0,43
BRDA:61,10,1,43
BRDA:61,10,2,43
BRDA:61,10,3,30
BRDA:61,10,4,1
BRDA:61,10,5,1
BRDA:61,10,6,2
BRDA:61,10,7,0
BRDA:61,10,8,0
BRDA:61,10,9,0
BRDA:66,11,0,43
BRDA:66,11,1,0
BRDA:84,12,0,2
BRDA:91,13,0,0
BRDA:98,14,0,0
BRDA:111,15,0,0
BRDA:112,16,0,43
BRDA:112,16,1,43
BRDA:112,16,2,30
BRDA:118,17,0,0
BRDA:122,18,0,0
BRF:31
BRH:17
end_of_record
TN:
SF:src\rRuleDateStringFormat.ts
FN:1,(anonymous_0)
FN:14,(anonymous_1)
FNF:2
FNH:2
FNDA:26,(anonymous_0)
FNDA:1,(anonymous_1)
DA:1,52
DA:2,26
DA:14,9
DA:15,1
DA:16,1
DA:18,1
DA:20,1
LF:7
LH:7
BRDA:1,0,0,26
BRDA:10,1,0,26
BRDA:10,1,1,0
BRDA:18,2,0,0
BRDA:25,3,0,1
BRDA:25,3,1,0
BRDA:26,4,0,1
BRDA:26,4,1,0
BRDA:27,5,0,1
BRDA:27,5,1,0
BRF:10
BRH:5
end_of_record
TN:
SF:src\types.ts
FN:1,(anonymous_0)
FN:12,(anonymous_1)
FNF:2
FNH:2
FNDA:8,(anonymous_0)
FNDA:8,(anonymous_1)
DA:1,8
DA:2,8
DA:3,8
DA:4,8
DA:5,8
DA:6,8
DA:7,8
DA:8,8
DA:9,8
DA:12,8
DA:13,8
DA:14,8
DA:15,8
DA:16,8
DA:17,8
DA:18,8
DA:19,8
DA:22,8
LF:18
LH:18
BRDA:1,0,0,8
BRDA:1,0,1,8
BRDA:12,1,0,8
BRDA:12,1,1,8
BRF:4
BRH:4
end_of_record
TN:
SF:src\validators\rRule.ts
FN:10,(anonymous_0)
FN:46,(anonymous_1)
FNF:2
FNH:2
FNDA:177,(anonymous_0)
FNDA:85,(anonymous_1)
DA:1,7
DA:2,7
DA:3,7
DA:5,7
DA:11,177
DA:12,177
DA:14,0
DA:32,7
DA:46,7
DA:47,85
DA:48,85
DA:49,85
DA:51,0
DA:52,0
DA:57,0
DA:61,7
LF:16
LH:12
BRDA:11,0,0,177
BRF:1
BRH:1
end_of_record
TN:
SF:src\validators\scheduler.ts
FN:12,(anonymous_0)
FN:39,(anonymous_1)
FNF:2
FNH:2
FNDA:12,(anonymous_0)
FNDA:5,(anonymous_1)
DA:1,2
DA:2,2
DA:3,2
DA:5,2
DA:13,12
DA:14,12
DA:16,0
DA:37,2
DA:39,2
DA:42,5
DA:43,5
DA:44,5
DA:46,0
DA:52,0
DA:57,0
DA:62,2
DA:63,2
DA:64,2
LF:18
LH:14
BRDA:13,0,0,12
BRF:1
BRH:1
end_of_record
